<?xml version="1.0" encoding="UTF-8"?>
<testng-results ignored="0" total="2" passed="2" failed="0" skipped="0">
  <reporter-output>
  </reporter-output>
  <suite started-at="2021-10-12T20:24:58 CDT" name="Default suite" finished-at="2021-10-12T20:24:59 CDT" duration-ms="95">
    <groups>
    </groups>
    <test started-at="2021-10-12T20:24:58 CDT" name="Default test" finished-at="2021-10-12T20:24:59 CDT" duration-ms="95">
      <class name="SumnumsOfDiffFirstLastDigitsArray">
        <test-method signature="test1()[pri:0, instance:SumnumsOfDiffFirstLastDigitsArray@1df82230]" started-at="2021-10-12T20:24:59 CDT" name="test1" finished-at="2021-10-12T20:24:59 CDT" duration-ms="19" status="PASS">
          <reporter-output>
          </reporter-output>
        </test-method> <!-- test1 -->
        <test-method signature="test2()[pri:0, instance:SumnumsOfDiffFirstLastDigitsArray@1df82230]" started-at="2021-10-12T20:24:59 CDT" name="test2" finished-at="2021-10-12T20:24:59 CDT" duration-ms="2" status="PASS">
          <reporter-output>
          </reporter-output>
        </test-method> <!-- test2 -->
      </class> <!-- SumnumsOfDiffFirstLastDigitsArray -->
    </test> <!-- Default test -->
  </suite> <!-- Default suite -->
</testng-results>
